<?xml version="1.0" encoding="UTF-8" ?>
<testsuite tests="6" failures="5" name="MainTest" time="0.008" errors="0" skipped="0">
  <properties>
[...]
</properties>
  <testcase classname="MainTest" name="MainTest.testMultipleOK" time="0.008">
    <failure message="expected: &lt;10&gt; but was: &lt;7&gt;" type="org.opentest4j.AssertionFailedError">org.opentest4j.AssertionFailedError: expected: &lt;10&gt; but was: &lt;7&gt;
	at org.junit.jupiter.api.AssertionUtils.fail(AssertionUtils.java:55)
	at org.junit.jupiter.api.AssertionUtils.failNotEqual(AssertionUtils.java:62)
	at org.junit.jupiter.api.AssertEquals.assertEquals(AssertEquals.java:150)
	at org.junit.jupiter.api.AssertEquals.assertEquals(AssertEquals.java:145)
	at org.junit.jupiter.api.Assertions.assertEquals(Assertions.java:527)
	at MainTest.testMultipleOK(MainTest.java:22)
</failure>
  </testcase>
  <testcase classname="MainTest" name="MainTest.testAverageOK" time="0">
    <failure message="expected: &lt;3&gt; but was: &lt;6&gt;" type="org.opentest4j.AssertionFailedError">org.opentest4j.AssertionFailedError: expected: &lt;3&gt; but was: &lt;6&gt;
	at org.junit.jupiter.api.AssertionUtils.fail(AssertionUtils.java:55)
	at org.junit.jupiter.api.AssertionUtils.failNotEqual(AssertionUtils.java:62)
	at org.junit.jupiter.api.AssertEquals.assertEquals(AssertEquals.java:150)
	at org.junit.jupiter.api.AssertEquals.assertEquals(AssertEquals.java:145)
	at org.junit.jupiter.api.Assertions.assertEquals(Assertions.java:527)
	at MainTest.testAverageOK(MainTest.java:34)
</failure>
  </testcase>
  <testcase classname="MainTest" name="MainTest.testAverageFail" time="0">
    <failure message="expected: &lt;5&gt; but was: &lt;6&gt;" type="org.opentest4j.AssertionFailedError">org.opentest4j.AssertionFailedError: expected: &lt;5&gt; but was: &lt;6&gt;
	at org.junit.jupiter.api.AssertionUtils.fail(AssertionUtils.java:55)
	at org.junit.jupiter.api.AssertionUtils.failNotEqual(AssertionUtils.java:62)
	at org.junit.jupiter.api.AssertEquals.assertEquals(AssertEquals.java:150)
	at org.junit.jupiter.api.AssertEquals.assertEquals(AssertEquals.java:145)
	at org.junit.jupiter.api.Assertions.assertEquals(Assertions.java:527)
	at MainTest.testAverageFail(MainTest.java:40)
</failure>
  </testcase>
  <testcase classname="MainTest" name="MainTest.testSumOK" time="0"/>
  <testcase classname="MainTest" name="MainTest.testSumFail" time="0">
    <failure message="expected: &lt;8&gt; but was: &lt;7&gt;" type="org.opentest4j.AssertionFailedError">org.opentest4j.AssertionFailedError: expected: &lt;8&gt; but was: &lt;7&gt;
	at org.junit.jupiter.api.AssertionUtils.fail(AssertionUtils.java:55)
	at org.junit.jupiter.api.AssertionUtils.failNotEqual(AssertionUtils.java:62)
	at org.junit.jupiter.api.AssertEquals.assertEquals(AssertEquals.java:150)
	at org.junit.jupiter.api.AssertEquals.assertEquals(AssertEquals.java:145)
	at org.junit.jupiter.api.Assertions.assertEquals(Assertions.java:527)
	at MainTest.testSumFail(MainTest.java:16)
</failure>
  </testcase>
  <testcase classname="MainTest" name="MainTest.testMultipleFail" time="0">
    <failure message="expected: &lt;10&gt; but was: &lt;7&gt;" type="org.opentest4j.AssertionFailedError">org.opentest4j.AssertionFailedError: expected: &lt;10&gt; but was: &lt;7&gt;
	at org.junit.jupiter.api.AssertionUtils.fail(AssertionUtils.java:55)
	at org.junit.jupiter.api.AssertionUtils.failNotEqual(AssertionUtils.java:62)
	at org.junit.jupiter.api.AssertEquals.assertEquals(AssertEquals.java:150)
	at org.junit.jupiter.api.AssertEquals.assertEquals(AssertEquals.java:145)
	at org.junit.jupiter.api.Assertions.assertEquals(Assertions.java:527)
	at MainTest.testMultipleFail(MainTest.java:28)
</failure>
  </testcase>
</testsuite>